[0.370s] Invoking command in '/home/debarghya/ros2_ws/src/turtlebot_control': PYTHONPATH=/home/debarghya/ros2_ws/src/build/turtlebot_control/prefix_override:/usr/lib/python3/dist-packages/colcon_core/task/python/colcon_distutils_commands:/home/debarghya/ros2_ws/src/install/turtlebot_control/lib/python3.10/site-packages:${PYTHONPATH} /usr/bin/python3 -W ignore:setup.py install is deprecated -W ignore:easy_install command is deprecated setup.py egg_info --egg-base ../build/turtlebot_control build --build-base /home/debarghya/ros2_ws/src/build/turtlebot_control/build install --record /home/debarghya/ros2_ws/src/build/turtlebot_control/install.log --single-version-externally-managed install_data
[0.495s] running egg_info
[0.495s] creating ../build/turtlebot_control/turtlebot_control.egg-info
[0.495s] writing ../build/turtlebot_control/turtlebot_control.egg-info/PKG-INFO
[0.495s] writing dependency_links to ../build/turtlebot_control/turtlebot_control.egg-info/dependency_links.txt
[0.495s] writing entry points to ../build/turtlebot_control/turtlebot_control.egg-info/entry_points.txt
[0.495s] writing requirements to ../build/turtlebot_control/turtlebot_control.egg-info/requires.txt
[0.495s] writing top-level names to ../build/turtlebot_control/turtlebot_control.egg-info/top_level.txt
[0.495s] writing manifest file '../build/turtlebot_control/turtlebot_control.egg-info/SOURCES.txt'
[0.496s] reading manifest file '../build/turtlebot_control/turtlebot_control.egg-info/SOURCES.txt'
[0.496s] writing manifest file '../build/turtlebot_control/turtlebot_control.egg-info/SOURCES.txt'
[0.497s] running build
[0.497s] running build_py
[0.497s] creating /home/debarghya/ros2_ws/src/build/turtlebot_control/build
[0.497s] creating /home/debarghya/ros2_ws/src/build/turtlebot_control/build/lib
[0.497s] creating /home/debarghya/ros2_ws/src/build/turtlebot_control/build/lib/turtlebot_control
[0.497s] copying turtlebot_control/turtle_path_controller.py -> /home/debarghya/ros2_ws/src/build/turtlebot_control/build/lib/turtlebot_control
[0.497s] copying turtlebot_control/__init__.py -> /home/debarghya/ros2_ws/src/build/turtlebot_control/build/lib/turtlebot_control
[0.497s] copying turtlebot_control/collision_detector.py -> /home/debarghya/ros2_ws/src/build/turtlebot_control/build/lib/turtlebot_control
[0.497s] running install
[0.497s] running install_lib
[0.497s] creating /home/debarghya/ros2_ws/src/install/turtlebot_control/lib/python3.10/site-packages/turtlebot_control
[0.497s] copying /home/debarghya/ros2_ws/src/build/turtlebot_control/build/lib/turtlebot_control/turtle_path_controller.py -> /home/debarghya/ros2_ws/src/install/turtlebot_control/lib/python3.10/site-packages/turtlebot_control
[0.498s] copying /home/debarghya/ros2_ws/src/build/turtlebot_control/build/lib/turtlebot_control/__init__.py -> /home/debarghya/ros2_ws/src/install/turtlebot_control/lib/python3.10/site-packages/turtlebot_control
[0.498s] copying /home/debarghya/ros2_ws/src/build/turtlebot_control/build/lib/turtlebot_control/collision_detector.py -> /home/debarghya/ros2_ws/src/install/turtlebot_control/lib/python3.10/site-packages/turtlebot_control
[0.498s] byte-compiling /home/debarghya/ros2_ws/src/install/turtlebot_control/lib/python3.10/site-packages/turtlebot_control/turtle_path_controller.py to turtle_path_controller.cpython-310.pyc
[0.498s] byte-compiling /home/debarghya/ros2_ws/src/install/turtlebot_control/lib/python3.10/site-packages/turtlebot_control/__init__.py to __init__.cpython-310.pyc
[0.498s] byte-compiling /home/debarghya/ros2_ws/src/install/turtlebot_control/lib/python3.10/site-packages/turtlebot_control/collision_detector.py to collision_detector.cpython-310.pyc
[0.498s] running install_data
[0.498s] creating /home/debarghya/ros2_ws/src/install/turtlebot_control/share/ament_index
[0.499s] creating /home/debarghya/ros2_ws/src/install/turtlebot_control/share/ament_index/resource_index
[0.499s] creating /home/debarghya/ros2_ws/src/install/turtlebot_control/share/ament_index/resource_index/packages
[0.499s] copying resource/turtlebot_control -> /home/debarghya/ros2_ws/src/install/turtlebot_control/share/ament_index/resource_index/packages
[0.499s] copying package.xml -> /home/debarghya/ros2_ws/src/install/turtlebot_control/share/turtlebot_control
[0.499s] running install_egg_info
[0.499s] Copying ../build/turtlebot_control/turtlebot_control.egg-info to /home/debarghya/ros2_ws/src/install/turtlebot_control/lib/python3.10/site-packages/turtlebot_control-0.0.0-py3.10.egg-info
[0.500s] running install_scripts
[0.511s] Installing collision_detector script to /home/debarghya/ros2_ws/src/install/turtlebot_control/lib/turtlebot_control
[0.512s] Installing turtle_path_controller script to /home/debarghya/ros2_ws/src/install/turtlebot_control/lib/turtlebot_control
[0.512s] writing list of installed files to '/home/debarghya/ros2_ws/src/build/turtlebot_control/install.log'
[0.524s] Invoked command in '/home/debarghya/ros2_ws/src/turtlebot_control' returned '0': PYTHONPATH=/home/debarghya/ros2_ws/src/build/turtlebot_control/prefix_override:/usr/lib/python3/dist-packages/colcon_core/task/python/colcon_distutils_commands:/home/debarghya/ros2_ws/src/install/turtlebot_control/lib/python3.10/site-packages:${PYTHONPATH} /usr/bin/python3 -W ignore:setup.py install is deprecated -W ignore:easy_install command is deprecated setup.py egg_info --egg-base ../build/turtlebot_control build --build-base /home/debarghya/ros2_ws/src/build/turtlebot_control/build install --record /home/debarghya/ros2_ws/src/build/turtlebot_control/install.log --single-version-externally-managed install_data
