[0.060s] DEBUG:colcon:Command line arguments: ['/usr/bin/colcon', 'build', '--packages-select', 'turtlebot_control']
[0.060s] DEBUG:colcon:Parsed command line arguments: Namespace(log_base=None, log_level=None, verb_name='build', build_base='build', install_base='install', merge_install=False, symlink_install=False, test_result_base=None, continue_on_error=False, executor='parallel', parallel_workers=16, event_handlers=None, ignore_user_meta=False, metas=['./colcon.meta'], base_paths=['.'], packages_ignore=None, packages_ignore_regex=None, paths=None, packages_up_to=None, packages_up_to_regex=None, packages_above=None, packages_above_and_dependencies=None, packages_above_depth=None, packages_select_by_dep=None, packages_skip_by_dep=None, packages_skip_up_to=None, packages_select_build_failed=False, packages_skip_build_finished=False, packages_select_test_failures=False, packages_skip_test_passed=False, packages_select=['turtlebot_control'], packages_skip=None, packages_select_regex=None, packages_skip_regex=None, packages_start=None, packages_end=None, allow_overriding=[], cmake_args=None, cmake_target=None, cmake_target_skip_unavailable=False, cmake_clean_cache=False, cmake_clean_first=False, cmake_force_configure=False, ament_cmake_args=None, catkin_cmake_args=None, catkin_skip_building_tests=False, verb_parser=<colcon_defaults.argument_parser.defaults.DefaultArgumentsDecorator object at 0x7427b07f9030>, verb_extension=<colcon_core.verb.build.BuildVerb object at 0x7427b09c96c0>, main=<bound method BuildVerb.main of <colcon_core.verb.build.BuildVerb object at 0x7427b09c96c0>>)
[0.143s] Level 1:colcon.colcon_core.package_discovery:discover_packages(colcon_meta) check parameters
[0.143s] Level 1:colcon.colcon_core.package_discovery:discover_packages(recursive) check parameters
[0.143s] Level 1:colcon.colcon_core.package_discovery:discover_packages(ignore) check parameters
[0.143s] Level 1:colcon.colcon_core.package_discovery:discover_packages(path) check parameters
[0.143s] Level 1:colcon.colcon_core.package_discovery:discover_packages(colcon_meta) discover
[0.143s] Level 1:colcon.colcon_core.package_discovery:discover_packages(recursive) discover
[0.143s] INFO:colcon.colcon_core.package_discovery:Crawling recursively for packages in '/home/debarghya/ros2_ws/src'
[0.143s] Level 1:colcon.colcon_core.package_identification:_identify(.) by extensions ['ignore', 'ignore_ament_install']
[0.143s] Level 1:colcon.colcon_core.package_identification:_identify(.) by extension 'ignore'
[0.143s] Level 1:colcon.colcon_core.package_identification:_identify(.) by extension 'ignore_ament_install'
[0.144s] Level 1:colcon.colcon_core.package_identification:_identify(.) by extensions ['colcon_pkg']
[0.144s] Level 1:colcon.colcon_core.package_identification:_identify(.) by extension 'colcon_pkg'
[0.144s] Level 1:colcon.colcon_core.package_identification:_identify(.) by extensions ['colcon_meta']
[0.144s] Level 1:colcon.colcon_core.package_identification:_identify(.) by extension 'colcon_meta'
[0.144s] Level 1:colcon.colcon_core.package_identification:_identify(.) by extensions ['ros']
[0.144s] Level 1:colcon.colcon_core.package_identification:_identify(.) by extension 'ros'
[0.150s] Level 1:colcon.colcon_core.package_identification:_identify(.) by extensions ['cmake', 'python']
[0.150s] Level 1:colcon.colcon_core.package_identification:_identify(.) by extension 'cmake'
[0.150s] Level 1:colcon.colcon_core.package_identification:_identify(.) by extension 'python'
[0.150s] Level 1:colcon.colcon_core.package_identification:_identify(.) by extensions ['python_setup_py']
[0.150s] Level 1:colcon.colcon_core.package_identification:_identify(.) by extension 'python_setup_py'
[0.150s] Level 1:colcon.colcon_core.package_identification:_identify(build) by extensions ['ignore', 'ignore_ament_install']
[0.150s] Level 1:colcon.colcon_core.package_identification:_identify(build) by extension 'ignore'
[0.150s] Level 1:colcon.colcon_core.package_identification:_identify(build) ignored
[0.150s] Level 1:colcon.colcon_core.package_identification:_identify(install) by extensions ['ignore', 'ignore_ament_install']
[0.150s] Level 1:colcon.colcon_core.package_identification:_identify(install) by extension 'ignore'
[0.150s] Level 1:colcon.colcon_core.package_identification:_identify(install) ignored
[0.150s] Level 1:colcon.colcon_core.package_identification:_identify(log) by extensions ['ignore', 'ignore_ament_install']
[0.150s] Level 1:colcon.colcon_core.package_identification:_identify(log) by extension 'ignore'
[0.150s] Level 1:colcon.colcon_core.package_identification:_identify(log) ignored
[0.150s] Level 1:colcon.colcon_core.package_identification:_identify(my_py_pkg) by extensions ['ignore', 'ignore_ament_install']
[0.150s] Level 1:colcon.colcon_core.package_identification:_identify(my_py_pkg) by extension 'ignore'
[0.150s] Level 1:colcon.colcon_core.package_identification:_identify(my_py_pkg) by extension 'ignore_ament_install'
[0.150s] Level 1:colcon.colcon_core.package_identification:_identify(my_py_pkg) by extensions ['colcon_pkg']
[0.150s] Level 1:colcon.colcon_core.package_identification:_identify(my_py_pkg) by extension 'colcon_pkg'
[0.150s] Level 1:colcon.colcon_core.package_identification:_identify(my_py_pkg) by extensions ['colcon_meta']
[0.150s] Level 1:colcon.colcon_core.package_identification:_identify(my_py_pkg) by extension 'colcon_meta'
[0.150s] Level 1:colcon.colcon_core.package_identification:_identify(my_py_pkg) by extensions ['ros']
[0.150s] Level 1:colcon.colcon_core.package_identification:_identify(my_py_pkg) by extension 'ros'
[0.152s] DEBUG:colcon.colcon_core.package_identification:Package 'my_py_pkg' with type 'ros.ament_python' and name 'my_py_pkg'
[0.152s] Level 1:colcon.colcon_core.package_identification:_identify(turtlebot_control) by extensions ['ignore', 'ignore_ament_install']
[0.152s] Level 1:colcon.colcon_core.package_identification:_identify(turtlebot_control) by extension 'ignore'
[0.152s] Level 1:colcon.colcon_core.package_identification:_identify(turtlebot_control) by extension 'ignore_ament_install'
[0.152s] Level 1:colcon.colcon_core.package_identification:_identify(turtlebot_control) by extensions ['colcon_pkg']
[0.152s] Level 1:colcon.colcon_core.package_identification:_identify(turtlebot_control) by extension 'colcon_pkg'
[0.152s] Level 1:colcon.colcon_core.package_identification:_identify(turtlebot_control) by extensions ['colcon_meta']
[0.152s] Level 1:colcon.colcon_core.package_identification:_identify(turtlebot_control) by extension 'colcon_meta'
[0.152s] Level 1:colcon.colcon_core.package_identification:_identify(turtlebot_control) by extensions ['ros']
[0.152s] Level 1:colcon.colcon_core.package_identification:_identify(turtlebot_control) by extension 'ros'
[0.152s] DEBUG:colcon.colcon_core.package_identification:Package 'turtlebot_control' with type 'ros.ament_python' and name 'turtlebot_control'
[0.152s] Level 1:colcon.colcon_core.package_identification:_identify(volta_test) by extensions ['ignore', 'ignore_ament_install']
[0.152s] Level 1:colcon.colcon_core.package_identification:_identify(volta_test) by extension 'ignore'
[0.152s] Level 1:colcon.colcon_core.package_identification:_identify(volta_test) by extension 'ignore_ament_install'
[0.152s] Level 1:colcon.colcon_core.package_identification:_identify(volta_test) by extensions ['colcon_pkg']
[0.152s] Level 1:colcon.colcon_core.package_identification:_identify(volta_test) by extension 'colcon_pkg'
[0.152s] Level 1:colcon.colcon_core.package_identification:_identify(volta_test) by extensions ['colcon_meta']
[0.152s] Level 1:colcon.colcon_core.package_identification:_identify(volta_test) by extension 'colcon_meta'
[0.152s] Level 1:colcon.colcon_core.package_identification:_identify(volta_test) by extensions ['ros']
[0.152s] Level 1:colcon.colcon_core.package_identification:_identify(volta_test) by extension 'ros'
[0.152s] Level 1:colcon.colcon_core.package_identification:_identify(volta_test) by extensions ['cmake', 'python']
[0.152s] Level 1:colcon.colcon_core.package_identification:_identify(volta_test) by extension 'cmake'
[0.152s] Level 1:colcon.colcon_core.package_identification:_identify(volta_test) by extension 'python'
[0.152s] Level 1:colcon.colcon_core.package_identification:_identify(volta_test) by extensions ['python_setup_py']
[0.152s] Level 1:colcon.colcon_core.package_identification:_identify(volta_test) by extension 'python_setup_py'
[0.153s] Level 1:colcon.colcon_core.package_identification:_identify(volta_test/hector_slam) by extensions ['ignore', 'ignore_ament_install']
[0.153s] Level 1:colcon.colcon_core.package_identification:_identify(volta_test/hector_slam) by extension 'ignore'
[0.153s] Level 1:colcon.colcon_core.package_identification:_identify(volta_test/hector_slam) by extension 'ignore_ament_install'
[0.153s] Level 1:colcon.colcon_core.package_identification:_identify(volta_test/hector_slam) by extensions ['colcon_pkg']
[0.153s] Level 1:colcon.colcon_core.package_identification:_identify(volta_test/hector_slam) by extension 'colcon_pkg'
[0.153s] Level 1:colcon.colcon_core.package_identification:_identify(volta_test/hector_slam) by extensions ['colcon_meta']
[0.153s] Level 1:colcon.colcon_core.package_identification:_identify(volta_test/hector_slam) by extension 'colcon_meta'
[0.153s] Level 1:colcon.colcon_core.package_identification:_identify(volta_test/hector_slam) by extensions ['ros']
[0.153s] Level 1:colcon.colcon_core.package_identification:_identify(volta_test/hector_slam) by extension 'ros'
[0.153s] Level 1:colcon.colcon_core.package_identification:_identify(volta_test/hector_slam) by extensions ['cmake', 'python']
[0.153s] Level 1:colcon.colcon_core.package_identification:_identify(volta_test/hector_slam) by extension 'cmake'
[0.153s] Level 1:colcon.colcon_core.package_identification:_identify(volta_test/hector_slam) by extension 'python'
[0.153s] Level 1:colcon.colcon_core.package_identification:_identify(volta_test/hector_slam) by extensions ['python_setup_py']
[0.153s] Level 1:colcon.colcon_core.package_identification:_identify(volta_test/hector_slam) by extension 'python_setup_py'
[0.153s] Level 1:colcon.colcon_core.package_identification:_identify(volta_test/hector_slam/hector_compressed_map_transport) by extensions ['ignore', 'ignore_ament_install']
[0.153s] Level 1:colcon.colcon_core.package_identification:_identify(volta_test/hector_slam/hector_compressed_map_transport) by extension 'ignore'
[0.153s] Level 1:colcon.colcon_core.package_identification:_identify(volta_test/hector_slam/hector_compressed_map_transport) by extension 'ignore_ament_install'
[0.153s] Level 1:colcon.colcon_core.package_identification:_identify(volta_test/hector_slam/hector_compressed_map_transport) by extensions ['colcon_pkg']
[0.153s] Level 1:colcon.colcon_core.package_identification:_identify(volta_test/hector_slam/hector_compressed_map_transport) by extension 'colcon_pkg'
[0.153s] Level 1:colcon.colcon_core.package_identification:_identify(volta_test/hector_slam/hector_compressed_map_transport) by extensions ['colcon_meta']
[0.153s] Level 1:colcon.colcon_core.package_identification:_identify(volta_test/hector_slam/hector_compressed_map_transport) by extension 'colcon_meta'
[0.153s] Level 1:colcon.colcon_core.package_identification:_identify(volta_test/hector_slam/hector_compressed_map_transport) by extensions ['ros']
[0.153s] Level 1:colcon.colcon_core.package_identification:_identify(volta_test/hector_slam/hector_compressed_map_transport) by extension 'ros'
[0.153s] DEBUG:colcon.colcon_core.package_identification:Package 'volta_test/hector_slam/hector_compressed_map_transport' with type 'ros.catkin' and name 'hector_compressed_map_transport'
[0.154s] Level 1:colcon.colcon_core.package_identification:_identify(volta_test/hector_slam/hector_geotiff) by extensions ['ignore', 'ignore_ament_install']
[0.154s] Level 1:colcon.colcon_core.package_identification:_identify(volta_test/hector_slam/hector_geotiff) by extension 'ignore'
[0.154s] Level 1:colcon.colcon_core.package_identification:_identify(volta_test/hector_slam/hector_geotiff) by extension 'ignore_ament_install'
[0.154s] Level 1:colcon.colcon_core.package_identification:_identify(volta_test/hector_slam/hector_geotiff) by extensions ['colcon_pkg']
[0.154s] Level 1:colcon.colcon_core.package_identification:_identify(volta_test/hector_slam/hector_geotiff) by extension 'colcon_pkg'
[0.154s] Level 1:colcon.colcon_core.package_identification:_identify(volta_test/hector_slam/hector_geotiff) by extensions ['colcon_meta']
[0.154s] Level 1:colcon.colcon_core.package_identification:_identify(volta_test/hector_slam/hector_geotiff) by extension 'colcon_meta'
[0.154s] Level 1:colcon.colcon_core.package_identification:_identify(volta_test/hector_slam/hector_geotiff) by extensions ['ros']
[0.154s] Level 1:colcon.colcon_core.package_identification:_identify(volta_test/hector_slam/hector_geotiff) by extension 'ros'
[0.154s] DEBUG:colcon.colcon_core.package_identification:Package 'volta_test/hector_slam/hector_geotiff' with type 'ros.catkin' and name 'hector_geotiff'
[0.154s] Level 1:colcon.colcon_core.package_identification:_identify(volta_test/hector_slam/hector_geotiff_launch) by extensions ['ignore', 'ignore_ament_install']
[0.154s] Level 1:colcon.colcon_core.package_identification:_identify(volta_test/hector_slam/hector_geotiff_launch) by extension 'ignore'
[0.154s] Level 1:colcon.colcon_core.package_identification:_identify(volta_test/hector_slam/hector_geotiff_launch) by extension 'ignore_ament_install'
[0.154s] Level 1:colcon.colcon_core.package_identification:_identify(volta_test/hector_slam/hector_geotiff_launch) by extensions ['colcon_pkg']
[0.154s] Level 1:colcon.colcon_core.package_identification:_identify(volta_test/hector_slam/hector_geotiff_launch) by extension 'colcon_pkg'
[0.154s] Level 1:colcon.colcon_core.package_identification:_identify(volta_test/hector_slam/hector_geotiff_launch) by extensions ['colcon_meta']
[0.154s] Level 1:colcon.colcon_core.package_identification:_identify(volta_test/hector_slam/hector_geotiff_launch) by extension 'colcon_meta'
[0.155s] Level 1:colcon.colcon_core.package_identification:_identify(volta_test/hector_slam/hector_geotiff_launch) by extensions ['ros']
[0.155s] Level 1:colcon.colcon_core.package_identification:_identify(volta_test/hector_slam/hector_geotiff_launch) by extension 'ros'
[0.155s] DEBUG:colcon.colcon_core.package_identification:Package 'volta_test/hector_slam/hector_geotiff_launch' with type 'ros.catkin' and name 'hector_geotiff_launch'
[0.155s] Level 1:colcon.colcon_core.package_identification:_identify(volta_test/hector_slam/hector_geotiff_plugins) by extensions ['ignore', 'ignore_ament_install']
[0.155s] Level 1:colcon.colcon_core.package_identification:_identify(volta_test/hector_slam/hector_geotiff_plugins) by extension 'ignore'
[0.155s] Level 1:colcon.colcon_core.package_identification:_identify(volta_test/hector_slam/hector_geotiff_plugins) by extension 'ignore_ament_install'
[0.155s] Level 1:colcon.colcon_core.package_identification:_identify(volta_test/hector_slam/hector_geotiff_plugins) by extensions ['colcon_pkg']
[0.155s] Level 1:colcon.colcon_core.package_identification:_identify(volta_test/hector_slam/hector_geotiff_plugins) by extension 'colcon_pkg'
[0.155s] Level 1:colcon.colcon_core.package_identification:_identify(volta_test/hector_slam/hector_geotiff_plugins) by extensions ['colcon_meta']
[0.155s] Level 1:colcon.colcon_core.package_identification:_identify(volta_test/hector_slam/hector_geotiff_plugins) by extension 'colcon_meta'
[0.155s] Level 1:colcon.colcon_core.package_identification:_identify(volta_test/hector_slam/hector_geotiff_plugins) by extensions ['ros']
[0.155s] Level 1:colcon.colcon_core.package_identification:_identify(volta_test/hector_slam/hector_geotiff_plugins) by extension 'ros'
[0.155s] DEBUG:colcon.colcon_core.package_identification:Package 'volta_test/hector_slam/hector_geotiff_plugins' with type 'ros.catkin' and name 'hector_geotiff_plugins'
[0.155s] Level 1:colcon.colcon_core.package_identification:_identify(volta_test/hector_slam/hector_imu_attitude_to_tf) by extensions ['ignore', 'ignore_ament_install']
[0.155s] Level 1:colcon.colcon_core.package_identification:_identify(volta_test/hector_slam/hector_imu_attitude_to_tf) by extension 'ignore'
[0.156s] Level 1:colcon.colcon_core.package_identification:_identify(volta_test/hector_slam/hector_imu_attitude_to_tf) by extension 'ignore_ament_install'
[0.156s] Level 1:colcon.colcon_core.package_identification:_identify(volta_test/hector_slam/hector_imu_attitude_to_tf) by extensions ['colcon_pkg']
[0.156s] Level 1:colcon.colcon_core.package_identification:_identify(volta_test/hector_slam/hector_imu_attitude_to_tf) by extension 'colcon_pkg'
[0.156s] Level 1:colcon.colcon_core.package_identification:_identify(volta_test/hector_slam/hector_imu_attitude_to_tf) by extensions ['colcon_meta']
[0.156s] Level 1:colcon.colcon_core.package_identification:_identify(volta_test/hector_slam/hector_imu_attitude_to_tf) by extension 'colcon_meta'
[0.156s] Level 1:colcon.colcon_core.package_identification:_identify(volta_test/hector_slam/hector_imu_attitude_to_tf) by extensions ['ros']
[0.156s] Level 1:colcon.colcon_core.package_identification:_identify(volta_test/hector_slam/hector_imu_attitude_to_tf) by extension 'ros'
[0.156s] DEBUG:colcon.colcon_core.package_identification:Package 'volta_test/hector_slam/hector_imu_attitude_to_tf' with type 'ros.catkin' and name 'hector_imu_attitude_to_tf'
[0.156s] Level 1:colcon.colcon_core.package_identification:_identify(volta_test/hector_slam/hector_imu_tools) by extensions ['ignore', 'ignore_ament_install']
[0.156s] Level 1:colcon.colcon_core.package_identification:_identify(volta_test/hector_slam/hector_imu_tools) by extension 'ignore'
[0.156s] Level 1:colcon.colcon_core.package_identification:_identify(volta_test/hector_slam/hector_imu_tools) by extension 'ignore_ament_install'
[0.156s] Level 1:colcon.colcon_core.package_identification:_identify(volta_test/hector_slam/hector_imu_tools) by extensions ['colcon_pkg']
[0.156s] Level 1:colcon.colcon_core.package_identification:_identify(volta_test/hector_slam/hector_imu_tools) by extension 'colcon_pkg'
[0.156s] Level 1:colcon.colcon_core.package_identification:_identify(volta_test/hector_slam/hector_imu_tools) by extensions ['colcon_meta']
[0.156s] Level 1:colcon.colcon_core.package_identification:_identify(volta_test/hector_slam/hector_imu_tools) by extension 'colcon_meta'
[0.156s] Level 1:colcon.colcon_core.package_identification:_identify(volta_test/hector_slam/hector_imu_tools) by extensions ['ros']
[0.156s] Level 1:colcon.colcon_core.package_identification:_identify(volta_test/hector_slam/hector_imu_tools) by extension 'ros'
[0.157s] DEBUG:colcon.colcon_core.package_identification:Package 'volta_test/hector_slam/hector_imu_tools' with type 'ros.catkin' and name 'hector_imu_tools'
[0.157s] Level 1:colcon.colcon_core.package_identification:_identify(volta_test/hector_slam/hector_map_server) by extensions ['ignore', 'ignore_ament_install']
[0.157s] Level 1:colcon.colcon_core.package_identification:_identify(volta_test/hector_slam/hector_map_server) by extension 'ignore'
[0.157s] Level 1:colcon.colcon_core.package_identification:_identify(volta_test/hector_slam/hector_map_server) by extension 'ignore_ament_install'
[0.157s] Level 1:colcon.colcon_core.package_identification:_identify(volta_test/hector_slam/hector_map_server) by extensions ['colcon_pkg']
[0.157s] Level 1:colcon.colcon_core.package_identification:_identify(volta_test/hector_slam/hector_map_server) by extension 'colcon_pkg'
[0.157s] Level 1:colcon.colcon_core.package_identification:_identify(volta_test/hector_slam/hector_map_server) by extensions ['colcon_meta']
[0.157s] Level 1:colcon.colcon_core.package_identification:_identify(volta_test/hector_slam/hector_map_server) by extension 'colcon_meta'
[0.157s] Level 1:colcon.colcon_core.package_identification:_identify(volta_test/hector_slam/hector_map_server) by extensions ['ros']
[0.157s] Level 1:colcon.colcon_core.package_identification:_identify(volta_test/hector_slam/hector_map_server) by extension 'ros'
[0.157s] DEBUG:colcon.colcon_core.package_identification:Package 'volta_test/hector_slam/hector_map_server' with type 'ros.catkin' and name 'hector_map_server'
[0.157s] Level 1:colcon.colcon_core.package_identification:_identify(volta_test/hector_slam/hector_map_tools) by extensions ['ignore', 'ignore_ament_install']
[0.157s] Level 1:colcon.colcon_core.package_identification:_identify(volta_test/hector_slam/hector_map_tools) by extension 'ignore'
[0.158s] Level 1:colcon.colcon_core.package_identification:_identify(volta_test/hector_slam/hector_map_tools) by extension 'ignore_ament_install'
[0.158s] Level 1:colcon.colcon_core.package_identification:_identify(volta_test/hector_slam/hector_map_tools) by extensions ['colcon_pkg']
[0.158s] Level 1:colcon.colcon_core.package_identification:_identify(volta_test/hector_slam/hector_map_tools) by extension 'colcon_pkg'
[0.158s] Level 1:colcon.colcon_core.package_identification:_identify(volta_test/hector_slam/hector_map_tools) by extensions ['colcon_meta']
[0.158s] Level 1:colcon.colcon_core.package_identification:_identify(volta_test/hector_slam/hector_map_tools) by extension 'colcon_meta'
[0.158s] Level 1:colcon.colcon_core.package_identification:_identify(volta_test/hector_slam/hector_map_tools) by extensions ['ros']
[0.158s] Level 1:colcon.colcon_core.package_identification:_identify(volta_test/hector_slam/hector_map_tools) by extension 'ros'
[0.158s] DEBUG:colcon.colcon_core.package_identification:Package 'volta_test/hector_slam/hector_map_tools' with type 'ros.catkin' and name 'hector_map_tools'
[0.158s] Level 1:colcon.colcon_core.package_identification:_identify(volta_test/hector_slam/hector_mapping) by extensions ['ignore', 'ignore_ament_install']
[0.158s] Level 1:colcon.colcon_core.package_identification:_identify(volta_test/hector_slam/hector_mapping) by extension 'ignore'
[0.158s] Level 1:colcon.colcon_core.package_identification:_identify(volta_test/hector_slam/hector_mapping) by extension 'ignore_ament_install'
[0.158s] Level 1:colcon.colcon_core.package_identification:_identify(volta_test/hector_slam/hector_mapping) by extensions ['colcon_pkg']
[0.158s] Level 1:colcon.colcon_core.package_identification:_identify(volta_test/hector_slam/hector_mapping) by extension 'colcon_pkg'
[0.158s] Level 1:colcon.colcon_core.package_identification:_identify(volta_test/hector_slam/hector_mapping) by extensions ['colcon_meta']
[0.158s] Level 1:colcon.colcon_core.package_identification:_identify(volta_test/hector_slam/hector_mapping) by extension 'colcon_meta'
[0.158s] Level 1:colcon.colcon_core.package_identification:_identify(volta_test/hector_slam/hector_mapping) by extensions ['ros']
[0.158s] Level 1:colcon.colcon_core.package_identification:_identify(volta_test/hector_slam/hector_mapping) by extension 'ros'
[0.159s] DEBUG:colcon.colcon_core.package_identification:Package 'volta_test/hector_slam/hector_mapping' with type 'ros.catkin' and name 'hector_mapping'
[0.159s] Level 1:colcon.colcon_core.package_identification:_identify(volta_test/hector_slam/hector_marker_drawing) by extensions ['ignore', 'ignore_ament_install']
[0.159s] Level 1:colcon.colcon_core.package_identification:_identify(volta_test/hector_slam/hector_marker_drawing) by extension 'ignore'
[0.159s] Level 1:colcon.colcon_core.package_identification:_identify(volta_test/hector_slam/hector_marker_drawing) by extension 'ignore_ament_install'
[0.159s] Level 1:colcon.colcon_core.package_identification:_identify(volta_test/hector_slam/hector_marker_drawing) by extensions ['colcon_pkg']
[0.159s] Level 1:colcon.colcon_core.package_identification:_identify(volta_test/hector_slam/hector_marker_drawing) by extension 'colcon_pkg'
[0.159s] Level 1:colcon.colcon_core.package_identification:_identify(volta_test/hector_slam/hector_marker_drawing) by extensions ['colcon_meta']
[0.159s] Level 1:colcon.colcon_core.package_identification:_identify(volta_test/hector_slam/hector_marker_drawing) by extension 'colcon_meta'
[0.159s] Level 1:colcon.colcon_core.package_identification:_identify(volta_test/hector_slam/hector_marker_drawing) by extensions ['ros']
[0.159s] Level 1:colcon.colcon_core.package_identification:_identify(volta_test/hector_slam/hector_marker_drawing) by extension 'ros'
[0.159s] DEBUG:colcon.colcon_core.package_identification:Package 'volta_test/hector_slam/hector_marker_drawing' with type 'ros.catkin' and name 'hector_marker_drawing'
[0.159s] Level 1:colcon.colcon_core.package_identification:_identify(volta_test/hector_slam/hector_nav_msgs) by extensions ['ignore', 'ignore_ament_install']
[0.159s] Level 1:colcon.colcon_core.package_identification:_identify(volta_test/hector_slam/hector_nav_msgs) by extension 'ignore'
[0.159s] Level 1:colcon.colcon_core.package_identification:_identify(volta_test/hector_slam/hector_nav_msgs) by extension 'ignore_ament_install'
[0.159s] Level 1:colcon.colcon_core.package_identification:_identify(volta_test/hector_slam/hector_nav_msgs) by extensions ['colcon_pkg']
[0.160s] Level 1:colcon.colcon_core.package_identification:_identify(volta_test/hector_slam/hector_nav_msgs) by extension 'colcon_pkg'
[0.160s] Level 1:colcon.colcon_core.package_identification:_identify(volta_test/hector_slam/hector_nav_msgs) by extensions ['colcon_meta']
[0.160s] Level 1:colcon.colcon_core.package_identification:_identify(volta_test/hector_slam/hector_nav_msgs) by extension 'colcon_meta'
[0.160s] Level 1:colcon.colcon_core.package_identification:_identify(volta_test/hector_slam/hector_nav_msgs) by extensions ['ros']
[0.160s] Level 1:colcon.colcon_core.package_identification:_identify(volta_test/hector_slam/hector_nav_msgs) by extension 'ros'
[0.160s] DEBUG:colcon.colcon_core.package_identification:Package 'volta_test/hector_slam/hector_nav_msgs' with type 'ros.catkin' and name 'hector_nav_msgs'
[0.160s] Level 1:colcon.colcon_core.package_identification:_identify(volta_test/hector_slam/hector_slam) by extensions ['ignore', 'ignore_ament_install']
[0.160s] Level 1:colcon.colcon_core.package_identification:_identify(volta_test/hector_slam/hector_slam) by extension 'ignore'
[0.160s] Level 1:colcon.colcon_core.package_identification:_identify(volta_test/hector_slam/hector_slam) by extension 'ignore_ament_install'
[0.160s] Level 1:colcon.colcon_core.package_identification:_identify(volta_test/hector_slam/hector_slam) by extensions ['colcon_pkg']
[0.160s] Level 1:colcon.colcon_core.package_identification:_identify(volta_test/hector_slam/hector_slam) by extension 'colcon_pkg'
[0.160s] Level 1:colcon.colcon_core.package_identification:_identify(volta_test/hector_slam/hector_slam) by extensions ['colcon_meta']
[0.160s] Level 1:colcon.colcon_core.package_identification:_identify(volta_test/hector_slam/hector_slam) by extension 'colcon_meta'
[0.160s] Level 1:colcon.colcon_core.package_identification:_identify(volta_test/hector_slam/hector_slam) by extensions ['ros']
[0.160s] Level 1:colcon.colcon_core.package_identification:_identify(volta_test/hector_slam/hector_slam) by extension 'ros'
[0.161s] DEBUG:colcon.colcon_core.package_identification:Package 'volta_test/hector_slam/hector_slam' with type 'ros.catkin' and name 'hector_slam'
[0.161s] Level 1:colcon.colcon_core.package_identification:_identify(volta_test/hector_slam/hector_slam_launch) by extensions ['ignore', 'ignore_ament_install']
[0.161s] Level 1:colcon.colcon_core.package_identification:_identify(volta_test/hector_slam/hector_slam_launch) by extension 'ignore'
[0.161s] Level 1:colcon.colcon_core.package_identification:_identify(volta_test/hector_slam/hector_slam_launch) by extension 'ignore_ament_install'
[0.161s] Level 1:colcon.colcon_core.package_identification:_identify(volta_test/hector_slam/hector_slam_launch) by extensions ['colcon_pkg']
[0.161s] Level 1:colcon.colcon_core.package_identification:_identify(volta_test/hector_slam/hector_slam_launch) by extension 'colcon_pkg'
[0.161s] Level 1:colcon.colcon_core.package_identification:_identify(volta_test/hector_slam/hector_slam_launch) by extensions ['colcon_meta']
[0.161s] Level 1:colcon.colcon_core.package_identification:_identify(volta_test/hector_slam/hector_slam_launch) by extension 'colcon_meta'
[0.161s] Level 1:colcon.colcon_core.package_identification:_identify(volta_test/hector_slam/hector_slam_launch) by extensions ['ros']
[0.161s] Level 1:colcon.colcon_core.package_identification:_identify(volta_test/hector_slam/hector_slam_launch) by extension 'ros'
[0.161s] DEBUG:colcon.colcon_core.package_identification:Package 'volta_test/hector_slam/hector_slam_launch' with type 'ros.catkin' and name 'hector_slam_launch'
[0.161s] Level 1:colcon.colcon_core.package_identification:_identify(volta_test/hector_slam/hector_trajectory_server) by extensions ['ignore', 'ignore_ament_install']
[0.161s] Level 1:colcon.colcon_core.package_identification:_identify(volta_test/hector_slam/hector_trajectory_server) by extension 'ignore'
[0.161s] Level 1:colcon.colcon_core.package_identification:_identify(volta_test/hector_slam/hector_trajectory_server) by extension 'ignore_ament_install'
[0.161s] Level 1:colcon.colcon_core.package_identification:_identify(volta_test/hector_slam/hector_trajectory_server) by extensions ['colcon_pkg']
[0.161s] Level 1:colcon.colcon_core.package_identification:_identify(volta_test/hector_slam/hector_trajectory_server) by extension 'colcon_pkg'
[0.161s] Level 1:colcon.colcon_core.package_identification:_identify(volta_test/hector_slam/hector_trajectory_server) by extensions ['colcon_meta']
[0.161s] Level 1:colcon.colcon_core.package_identification:_identify(volta_test/hector_slam/hector_trajectory_server) by extension 'colcon_meta'
[0.161s] Level 1:colcon.colcon_core.package_identification:_identify(volta_test/hector_slam/hector_trajectory_server) by extensions ['ros']
[0.161s] Level 1:colcon.colcon_core.package_identification:_identify(volta_test/hector_slam/hector_trajectory_server) by extension 'ros'
[0.162s] DEBUG:colcon.colcon_core.package_identification:Package 'volta_test/hector_slam/hector_trajectory_server' with type 'ros.catkin' and name 'hector_trajectory_server'
[0.163s] Level 1:colcon.colcon_core.package_identification:_identify(volta_test/rplidar_ros) by extensions ['ignore', 'ignore_ament_install']
[0.163s] Level 1:colcon.colcon_core.package_identification:_identify(volta_test/rplidar_ros) by extension 'ignore'
[0.163s] Level 1:colcon.colcon_core.package_identification:_identify(volta_test/rplidar_ros) by extension 'ignore_ament_install'
[0.163s] Level 1:colcon.colcon_core.package_identification:_identify(volta_test/rplidar_ros) by extensions ['colcon_pkg']
[0.163s] Level 1:colcon.colcon_core.package_identification:_identify(volta_test/rplidar_ros) by extension 'colcon_pkg'
[0.163s] Level 1:colcon.colcon_core.package_identification:_identify(volta_test/rplidar_ros) by extensions ['colcon_meta']
[0.163s] Level 1:colcon.colcon_core.package_identification:_identify(volta_test/rplidar_ros) by extension 'colcon_meta'
[0.163s] Level 1:colcon.colcon_core.package_identification:_identify(volta_test/rplidar_ros) by extensions ['ros']
[0.163s] Level 1:colcon.colcon_core.package_identification:_identify(volta_test/rplidar_ros) by extension 'ros'
[0.163s] DEBUG:colcon.colcon_core.package_identification:Package 'volta_test/rplidar_ros' with type 'ros.catkin' and name 'rplidar_ros'
[0.163s] Level 1:colcon.colcon_core.package_identification:_identify(volta_test/volta) by extensions ['ignore', 'ignore_ament_install']
[0.163s] Level 1:colcon.colcon_core.package_identification:_identify(volta_test/volta) by extension 'ignore'
[0.163s] Level 1:colcon.colcon_core.package_identification:_identify(volta_test/volta) by extension 'ignore_ament_install'
[0.163s] Level 1:colcon.colcon_core.package_identification:_identify(volta_test/volta) by extensions ['colcon_pkg']
[0.163s] Level 1:colcon.colcon_core.package_identification:_identify(volta_test/volta) by extension 'colcon_pkg'
[0.163s] Level 1:colcon.colcon_core.package_identification:_identify(volta_test/volta) by extensions ['colcon_meta']
[0.163s] Level 1:colcon.colcon_core.package_identification:_identify(volta_test/volta) by extension 'colcon_meta'
[0.163s] Level 1:colcon.colcon_core.package_identification:_identify(volta_test/volta) by extensions ['ros']
[0.163s] Level 1:colcon.colcon_core.package_identification:_identify(volta_test/volta) by extension 'ros'
[0.163s] Level 1:colcon.colcon_core.package_identification:_identify(volta_test/volta) by extensions ['cmake', 'python']
[0.163s] Level 1:colcon.colcon_core.package_identification:_identify(volta_test/volta) by extension 'cmake'
[0.163s] Level 1:colcon.colcon_core.package_identification:_identify(volta_test/volta) by extension 'python'
[0.163s] Level 1:colcon.colcon_core.package_identification:_identify(volta_test/volta) by extensions ['python_setup_py']
[0.163s] Level 1:colcon.colcon_core.package_identification:_identify(volta_test/volta) by extension 'python_setup_py'
[0.163s] Level 1:colcon.colcon_core.package_identification:_identify(volta_test/volta/volta_base) by extensions ['ignore', 'ignore_ament_install']
[0.163s] Level 1:colcon.colcon_core.package_identification:_identify(volta_test/volta/volta_base) by extension 'ignore'
[0.163s] Level 1:colcon.colcon_core.package_identification:_identify(volta_test/volta/volta_base) by extension 'ignore_ament_install'
[0.163s] Level 1:colcon.colcon_core.package_identification:_identify(volta_test/volta/volta_base) by extensions ['colcon_pkg']
[0.164s] Level 1:colcon.colcon_core.package_identification:_identify(volta_test/volta/volta_base) by extension 'colcon_pkg'
[0.164s] Level 1:colcon.colcon_core.package_identification:_identify(volta_test/volta/volta_base) by extensions ['colcon_meta']
[0.164s] Level 1:colcon.colcon_core.package_identification:_identify(volta_test/volta/volta_base) by extension 'colcon_meta'
[0.164s] Level 1:colcon.colcon_core.package_identification:_identify(volta_test/volta/volta_base) by extensions ['ros']
[0.164s] Level 1:colcon.colcon_core.package_identification:_identify(volta_test/volta/volta_base) by extension 'ros'
[0.164s] DEBUG:colcon.colcon_core.package_identification:Package 'volta_test/volta/volta_base' with type 'ros.catkin' and name 'volta_base'
[0.164s] Level 1:colcon.colcon_core.package_identification:_identify(volta_test/volta/volta_control) by extensions ['ignore', 'ignore_ament_install']
[0.164s] Level 1:colcon.colcon_core.package_identification:_identify(volta_test/volta/volta_control) by extension 'ignore'
[0.164s] Level 1:colcon.colcon_core.package_identification:_identify(volta_test/volta/volta_control) by extension 'ignore_ament_install'
[0.164s] Level 1:colcon.colcon_core.package_identification:_identify(volta_test/volta/volta_control) by extensions ['colcon_pkg']
[0.164s] Level 1:colcon.colcon_core.package_identification:_identify(volta_test/volta/volta_control) by extension 'colcon_pkg'
[0.164s] Level 1:colcon.colcon_core.package_identification:_identify(volta_test/volta/volta_control) by extensions ['colcon_meta']
[0.164s] Level 1:colcon.colcon_core.package_identification:_identify(volta_test/volta/volta_control) by extension 'colcon_meta'
[0.164s] Level 1:colcon.colcon_core.package_identification:_identify(volta_test/volta/volta_control) by extensions ['ros']
[0.164s] Level 1:colcon.colcon_core.package_identification:_identify(volta_test/volta/volta_control) by extension 'ros'
[0.164s] DEBUG:colcon.colcon_core.package_identification:Package 'volta_test/volta/volta_control' with type 'ros.catkin' and name 'volta_control'
[0.164s] Level 1:colcon.colcon_core.package_identification:_identify(volta_test/volta/volta_description) by extensions ['ignore', 'ignore_ament_install']
[0.164s] Level 1:colcon.colcon_core.package_identification:_identify(volta_test/volta/volta_description) by extension 'ignore'
[0.164s] Level 1:colcon.colcon_core.package_identification:_identify(volta_test/volta/volta_description) by extension 'ignore_ament_install'
[0.164s] Level 1:colcon.colcon_core.package_identification:_identify(volta_test/volta/volta_description) by extensions ['colcon_pkg']
[0.164s] Level 1:colcon.colcon_core.package_identification:_identify(volta_test/volta/volta_description) by extension 'colcon_pkg'
[0.164s] Level 1:colcon.colcon_core.package_identification:_identify(volta_test/volta/volta_description) by extensions ['colcon_meta']
[0.164s] Level 1:colcon.colcon_core.package_identification:_identify(volta_test/volta/volta_description) by extension 'colcon_meta'
[0.165s] Level 1:colcon.colcon_core.package_identification:_identify(volta_test/volta/volta_description) by extensions ['ros']
[0.165s] Level 1:colcon.colcon_core.package_identification:_identify(volta_test/volta/volta_description) by extension 'ros'
[0.165s] DEBUG:colcon.colcon_core.package_identification:Package 'volta_test/volta/volta_description' with type 'ros.catkin' and name 'volta_description'
[0.165s] Level 1:colcon.colcon_core.package_identification:_identify(volta_test/volta/volta_hardware) by extensions ['ignore', 'ignore_ament_install']
[0.165s] Level 1:colcon.colcon_core.package_identification:_identify(volta_test/volta/volta_hardware) by extension 'ignore'
[0.165s] Level 1:colcon.colcon_core.package_identification:_identify(volta_test/volta/volta_hardware) by extension 'ignore_ament_install'
[0.165s] Level 1:colcon.colcon_core.package_identification:_identify(volta_test/volta/volta_hardware) by extensions ['colcon_pkg']
[0.165s] Level 1:colcon.colcon_core.package_identification:_identify(volta_test/volta/volta_hardware) by extension 'colcon_pkg'
[0.165s] Level 1:colcon.colcon_core.package_identification:_identify(volta_test/volta/volta_hardware) by extensions ['colcon_meta']
[0.165s] Level 1:colcon.colcon_core.package_identification:_identify(volta_test/volta/volta_hardware) by extension 'colcon_meta'
[0.165s] Level 1:colcon.colcon_core.package_identification:_identify(volta_test/volta/volta_hardware) by extensions ['ros']
[0.165s] Level 1:colcon.colcon_core.package_identification:_identify(volta_test/volta/volta_hardware) by extension 'ros'
[0.171s] DEBUG:colcon.colcon_core.package_identification:Package 'volta_test/volta/volta_hardware' with type 'ros.catkin' and name 'volta_hardware'
[0.171s] Level 1:colcon.colcon_core.package_identification:_identify(volta_test/volta/volta_localization) by extensions ['ignore', 'ignore_ament_install']
[0.171s] Level 1:colcon.colcon_core.package_identification:_identify(volta_test/volta/volta_localization) by extension 'ignore'
[0.171s] Level 1:colcon.colcon_core.package_identification:_identify(volta_test/volta/volta_localization) by extension 'ignore_ament_install'
[0.171s] Level 1:colcon.colcon_core.package_identification:_identify(volta_test/volta/volta_localization) by extensions ['colcon_pkg']
[0.171s] Level 1:colcon.colcon_core.package_identification:_identify(volta_test/volta/volta_localization) by extension 'colcon_pkg'
[0.171s] Level 1:colcon.colcon_core.package_identification:_identify(volta_test/volta/volta_localization) by extensions ['colcon_meta']
[0.171s] Level 1:colcon.colcon_core.package_identification:_identify(volta_test/volta/volta_localization) by extension 'colcon_meta'
[0.171s] Level 1:colcon.colcon_core.package_identification:_identify(volta_test/volta/volta_localization) by extensions ['ros']
[0.171s] Level 1:colcon.colcon_core.package_identification:_identify(volta_test/volta/volta_localization) by extension 'ros'
[0.171s] DEBUG:colcon.colcon_core.package_identification:Package 'volta_test/volta/volta_localization' with type 'ros.catkin' and name 'volta_localization'
[0.171s] Level 1:colcon.colcon_core.package_identification:_identify(volta_test/volta/volta_msgs) by extensions ['ignore', 'ignore_ament_install']
[0.171s] Level 1:colcon.colcon_core.package_identification:_identify(volta_test/volta/volta_msgs) by extension 'ignore'
[0.171s] Level 1:colcon.colcon_core.package_identification:_identify(volta_test/volta/volta_msgs) by extension 'ignore_ament_install'
[0.171s] Level 1:colcon.colcon_core.package_identification:_identify(volta_test/volta/volta_msgs) by extensions ['colcon_pkg']
[0.171s] Level 1:colcon.colcon_core.package_identification:_identify(volta_test/volta/volta_msgs) by extension 'colcon_pkg'
[0.171s] Level 1:colcon.colcon_core.package_identification:_identify(volta_test/volta/volta_msgs) by extensions ['colcon_meta']
[0.171s] Level 1:colcon.colcon_core.package_identification:_identify(volta_test/volta/volta_msgs) by extension 'colcon_meta'
[0.171s] Level 1:colcon.colcon_core.package_identification:_identify(volta_test/volta/volta_msgs) by extensions ['ros']
[0.171s] Level 1:colcon.colcon_core.package_identification:_identify(volta_test/volta/volta_msgs) by extension 'ros'
[0.172s] DEBUG:colcon.colcon_core.package_identification:Package 'volta_test/volta/volta_msgs' with type 'ros.catkin' and name 'volta_msgs'
[0.172s] Level 1:colcon.colcon_core.package_identification:_identify(volta_test/volta/volta_navigation) by extensions ['ignore', 'ignore_ament_install']
[0.172s] Level 1:colcon.colcon_core.package_identification:_identify(volta_test/volta/volta_navigation) by extension 'ignore'
[0.172s] Level 1:colcon.colcon_core.package_identification:_identify(volta_test/volta/volta_navigation) by extension 'ignore_ament_install'
[0.172s] Level 1:colcon.colcon_core.package_identification:_identify(volta_test/volta/volta_navigation) by extensions ['colcon_pkg']
[0.172s] Level 1:colcon.colcon_core.package_identification:_identify(volta_test/volta/volta_navigation) by extension 'colcon_pkg'
[0.172s] Level 1:colcon.colcon_core.package_identification:_identify(volta_test/volta/volta_navigation) by extensions ['colcon_meta']
[0.172s] Level 1:colcon.colcon_core.package_identification:_identify(volta_test/volta/volta_navigation) by extension 'colcon_meta'
[0.172s] Level 1:colcon.colcon_core.package_identification:_identify(volta_test/volta/volta_navigation) by extensions ['ros']
[0.172s] Level 1:colcon.colcon_core.package_identification:_identify(volta_test/volta/volta_navigation) by extension 'ros'
[0.172s] DEBUG:colcon.colcon_core.package_identification:Package 'volta_test/volta/volta_navigation' with type 'ros.catkin' and name 'volta_navigation'
[0.172s] Level 1:colcon.colcon_core.package_identification:_identify(volta_test/volta/volta_rules) by extensions ['ignore', 'ignore_ament_install']
[0.172s] Level 1:colcon.colcon_core.package_identification:_identify(volta_test/volta/volta_rules) by extension 'ignore'
[0.172s] Level 1:colcon.colcon_core.package_identification:_identify(volta_test/volta/volta_rules) by extension 'ignore_ament_install'
[0.172s] Level 1:colcon.colcon_core.package_identification:_identify(volta_test/volta/volta_rules) by extensions ['colcon_pkg']
[0.172s] Level 1:colcon.colcon_core.package_identification:_identify(volta_test/volta/volta_rules) by extension 'colcon_pkg'
[0.172s] Level 1:colcon.colcon_core.package_identification:_identify(volta_test/volta/volta_rules) by extensions ['colcon_meta']
[0.172s] Level 1:colcon.colcon_core.package_identification:_identify(volta_test/volta/volta_rules) by extension 'colcon_meta'
[0.172s] Level 1:colcon.colcon_core.package_identification:_identify(volta_test/volta/volta_rules) by extensions ['ros']
[0.172s] Level 1:colcon.colcon_core.package_identification:_identify(volta_test/volta/volta_rules) by extension 'ros'
[0.173s] DEBUG:colcon.colcon_core.package_identification:Package 'volta_test/volta/volta_rules' with type 'ros.catkin' and name 'volta_rules'
[0.173s] Level 1:colcon.colcon_core.package_identification:_identify(volta_test/volta/volta_teleoperator) by extensions ['ignore', 'ignore_ament_install']
[0.173s] Level 1:colcon.colcon_core.package_identification:_identify(volta_test/volta/volta_teleoperator) by extension 'ignore'
[0.173s] Level 1:colcon.colcon_core.package_identification:_identify(volta_test/volta/volta_teleoperator) by extension 'ignore_ament_install'
[0.173s] Level 1:colcon.colcon_core.package_identification:_identify(volta_test/volta/volta_teleoperator) by extensions ['colcon_pkg']
[0.173s] Level 1:colcon.colcon_core.package_identification:_identify(volta_test/volta/volta_teleoperator) by extension 'colcon_pkg'
[0.173s] Level 1:colcon.colcon_core.package_identification:_identify(volta_test/volta/volta_teleoperator) by extensions ['colcon_meta']
[0.173s] Level 1:colcon.colcon_core.package_identification:_identify(volta_test/volta/volta_teleoperator) by extension 'colcon_meta'
[0.173s] Level 1:colcon.colcon_core.package_identification:_identify(volta_test/volta/volta_teleoperator) by extensions ['ros']
[0.173s] Level 1:colcon.colcon_core.package_identification:_identify(volta_test/volta/volta_teleoperator) by extension 'ros'
[0.173s] DEBUG:colcon.colcon_core.package_identification:Package 'volta_test/volta/volta_teleoperator' with type 'ros.catkin' and name 'volta_teleoperator'
[0.173s] Level 1:colcon.colcon_core.package_discovery:discover_packages(recursive) using defaults
[0.173s] Level 1:colcon.colcon_core.package_discovery:discover_packages(ignore) discover
[0.173s] Level 1:colcon.colcon_core.package_discovery:discover_packages(ignore) using defaults
[0.173s] Level 1:colcon.colcon_core.package_discovery:discover_packages(path) discover
[0.174s] Level 1:colcon.colcon_core.package_discovery:discover_packages(path) using defaults
[0.187s] INFO:colcon.colcon_core.package_selection:Skipping not selected package 'hector_imu_attitude_to_tf' in 'volta_test/hector_slam/hector_imu_attitude_to_tf'
[0.187s] INFO:colcon.colcon_core.package_selection:Skipping not selected package 'hector_imu_tools' in 'volta_test/hector_slam/hector_imu_tools'
[0.187s] INFO:colcon.colcon_core.package_selection:Skipping not selected package 'hector_map_tools' in 'volta_test/hector_slam/hector_map_tools'
[0.187s] INFO:colcon.colcon_core.package_selection:Skipping not selected package 'hector_mapping' in 'volta_test/hector_slam/hector_mapping'
[0.187s] INFO:colcon.colcon_core.package_selection:Skipping not selected package 'hector_marker_drawing' in 'volta_test/hector_slam/hector_marker_drawing'
[0.187s] INFO:colcon.colcon_core.package_selection:Skipping not selected package 'hector_nav_msgs' in 'volta_test/hector_slam/hector_nav_msgs'
[0.187s] INFO:colcon.colcon_core.package_selection:Skipping not selected package 'my_py_pkg' in 'my_py_pkg'
[0.187s] INFO:colcon.colcon_core.package_selection:Skipping not selected package 'rplidar_ros' in 'volta_test/rplidar_ros'
[0.187s] INFO:colcon.colcon_core.package_selection:Skipping not selected package 'volta_base' in 'volta_test/volta/volta_base'
[0.187s] INFO:colcon.colcon_core.package_selection:Skipping not selected package 'volta_control' in 'volta_test/volta/volta_control'
[0.187s] INFO:colcon.colcon_core.package_selection:Skipping not selected package 'volta_description' in 'volta_test/volta/volta_description'
[0.187s] INFO:colcon.colcon_core.package_selection:Skipping not selected package 'volta_localization' in 'volta_test/volta/volta_localization'
[0.187s] INFO:colcon.colcon_core.package_selection:Skipping not selected package 'volta_msgs' in 'volta_test/volta/volta_msgs'
[0.187s] INFO:colcon.colcon_core.package_selection:Skipping not selected package 'volta_navigation' in 'volta_test/volta/volta_navigation'
[0.187s] INFO:colcon.colcon_core.package_selection:Skipping not selected package 'volta_rules' in 'volta_test/volta/volta_rules'
[0.187s] INFO:colcon.colcon_core.package_selection:Skipping not selected package 'hector_compressed_map_transport' in 'volta_test/hector_slam/hector_compressed_map_transport'
[0.187s] INFO:colcon.colcon_core.package_selection:Skipping not selected package 'hector_geotiff' in 'volta_test/hector_slam/hector_geotiff'
[0.187s] INFO:colcon.colcon_core.package_selection:Skipping not selected package 'hector_map_server' in 'volta_test/hector_slam/hector_map_server'
[0.187s] INFO:colcon.colcon_core.package_selection:Skipping not selected package 'hector_trajectory_server' in 'volta_test/hector_slam/hector_trajectory_server'
[0.187s] INFO:colcon.colcon_core.package_selection:Skipping not selected package 'volta_hardware' in 'volta_test/volta/volta_hardware'
[0.187s] INFO:colcon.colcon_core.package_selection:Skipping not selected package 'volta_teleoperator' in 'volta_test/volta/volta_teleoperator'
[0.187s] INFO:colcon.colcon_core.package_selection:Skipping not selected package 'hector_geotiff_plugins' in 'volta_test/hector_slam/hector_geotiff_plugins'
[0.187s] INFO:colcon.colcon_core.package_selection:Skipping not selected package 'hector_geotiff_launch' in 'volta_test/hector_slam/hector_geotiff_launch'
[0.187s] INFO:colcon.colcon_core.package_selection:Skipping not selected package 'hector_slam_launch' in 'volta_test/hector_slam/hector_slam_launch'
[0.187s] INFO:colcon.colcon_core.package_selection:Skipping not selected package 'hector_slam' in 'volta_test/hector_slam/hector_slam'
[0.189s] Level 1:colcon.colcon_core.package_discovery:discover_packages(prefix_path) check parameters
[0.189s] Level 1:colcon.colcon_core.package_discovery:discover_packages(prefix_path) discover
[0.191s] DEBUG:colcon.colcon_installed_package_information.package_discovery:Found 9 installed packages in /home/debarghya/ros2_ws/install
[0.191s] DEBUG:colcon.colcon_installed_package_information.package_discovery:Found 1 installed packages in /home/debarghya/gros2_ws/install
[0.192s] DEBUG:colcon.colcon_installed_package_information.package_discovery:Found 327 installed packages in /opt/ros/humble
[0.193s] Level 1:colcon.colcon_core.package_discovery:discover_packages(prefix_path) using defaults
[0.214s] Level 5:colcon.colcon_core.verb:set package 'turtlebot_control' build argument 'cmake_args' from command line to 'None'
[0.214s] Level 5:colcon.colcon_core.verb:set package 'turtlebot_control' build argument 'cmake_target' from command line to 'None'
[0.214s] Level 5:colcon.colcon_core.verb:set package 'turtlebot_control' build argument 'cmake_target_skip_unavailable' from command line to 'False'
[0.214s] Level 5:colcon.colcon_core.verb:set package 'turtlebot_control' build argument 'cmake_clean_cache' from command line to 'False'
[0.214s] Level 5:colcon.colcon_core.verb:set package 'turtlebot_control' build argument 'cmake_clean_first' from command line to 'False'
[0.214s] Level 5:colcon.colcon_core.verb:set package 'turtlebot_control' build argument 'cmake_force_configure' from command line to 'False'
[0.214s] Level 5:colcon.colcon_core.verb:set package 'turtlebot_control' build argument 'ament_cmake_args' from command line to 'None'
[0.214s] Level 5:colcon.colcon_core.verb:set package 'turtlebot_control' build argument 'catkin_cmake_args' from command line to 'None'
[0.214s] Level 5:colcon.colcon_core.verb:set package 'turtlebot_control' build argument 'catkin_skip_building_tests' from command line to 'False'
[0.214s] DEBUG:colcon.colcon_core.verb:Building package 'turtlebot_control' with the following arguments: {'ament_cmake_args': None, 'build_base': '/home/debarghya/ros2_ws/src/build/turtlebot_control', 'catkin_cmake_args': None, 'catkin_skip_building_tests': False, 'cmake_args': None, 'cmake_clean_cache': False, 'cmake_clean_first': False, 'cmake_force_configure': False, 'cmake_target': None, 'cmake_target_skip_unavailable': False, 'install_base': '/home/debarghya/ros2_ws/src/install/turtlebot_control', 'merge_install': False, 'path': '/home/debarghya/ros2_ws/src/turtlebot_control', 'symlink_install': False, 'test_result_base': None}
[0.214s] INFO:colcon.colcon_core.executor:Executing jobs using 'parallel' executor
[0.215s] DEBUG:colcon.colcon_parallel_executor.executor.parallel:run_until_complete
[0.215s] INFO:colcon.colcon_ros.task.ament_python.build:Building ROS package in '/home/debarghya/ros2_ws/src/turtlebot_control' with build type 'ament_python'
[0.215s] Level 1:colcon.colcon_core.shell:create_environment_hook('turtlebot_control', 'ament_prefix_path')
[0.217s] INFO:colcon.colcon_core.plugin_system:Skipping extension 'colcon_core.shell.bat': Not used on non-Windows systems
[0.217s] INFO:colcon.colcon_core.shell:Creating environment hook '/home/debarghya/ros2_ws/src/install/turtlebot_control/share/turtlebot_control/hook/ament_prefix_path.ps1'
[0.218s] INFO:colcon.colcon_core.shell:Creating environment descriptor '/home/debarghya/ros2_ws/src/install/turtlebot_control/share/turtlebot_control/hook/ament_prefix_path.dsv'
[0.219s] INFO:colcon.colcon_core.shell:Creating environment hook '/home/debarghya/ros2_ws/src/install/turtlebot_control/share/turtlebot_control/hook/ament_prefix_path.sh'
[0.219s] INFO:colcon.colcon_core.shell:Skip shell extension 'powershell' for command environment: Not usable outside of PowerShell
[0.219s] DEBUG:colcon.colcon_core.shell:Skip shell extension 'dsv' for command environment
[0.367s] INFO:colcon.colcon_core.task.python.build:Building Python package in '/home/debarghya/ros2_ws/src/turtlebot_control'
[0.367s] INFO:colcon.colcon_core.shell:Skip shell extension 'powershell' for command environment: Not usable outside of PowerShell
[0.367s] DEBUG:colcon.colcon_core.shell:Skip shell extension 'dsv' for command environment
[0.586s] DEBUG:colcon.colcon_core.event_handler.log_command:Invoking command in '/home/debarghya/ros2_ws/src/turtlebot_control': PYTHONPATH=/home/debarghya/ros2_ws/src/build/turtlebot_control/prefix_override:/usr/lib/python3/dist-packages/colcon_core/task/python/colcon_distutils_commands:/home/debarghya/ros2_ws/src/install/turtlebot_control/lib/python3.10/site-packages:${PYTHONPATH} /usr/bin/python3 -W ignore:setup.py install is deprecated -W ignore:easy_install command is deprecated setup.py egg_info --egg-base ../build/turtlebot_control build --build-base /home/debarghya/ros2_ws/src/build/turtlebot_control/build install --record /home/debarghya/ros2_ws/src/build/turtlebot_control/install.log --single-version-externally-managed install_data
[0.740s] DEBUG:colcon.colcon_core.event_handler.log_command:Invoked command in '/home/debarghya/ros2_ws/src/turtlebot_control' returned '0': PYTHONPATH=/home/debarghya/ros2_ws/src/build/turtlebot_control/prefix_override:/usr/lib/python3/dist-packages/colcon_core/task/python/colcon_distutils_commands:/home/debarghya/ros2_ws/src/install/turtlebot_control/lib/python3.10/site-packages:${PYTHONPATH} /usr/bin/python3 -W ignore:setup.py install is deprecated -W ignore:easy_install command is deprecated setup.py egg_info --egg-base ../build/turtlebot_control build --build-base /home/debarghya/ros2_ws/src/build/turtlebot_control/build install --record /home/debarghya/ros2_ws/src/build/turtlebot_control/install.log --single-version-externally-managed install_data
[0.743s] Level 1:colcon.colcon_core.environment:checking '/home/debarghya/ros2_ws/src/install/turtlebot_control' for CMake module files
[0.743s] Level 1:colcon.colcon_core.environment:checking '/home/debarghya/ros2_ws/src/install/turtlebot_control' for CMake config files
[0.743s] Level 1:colcon.colcon_core.environment:checking '/home/debarghya/ros2_ws/src/install/turtlebot_control/lib'
[0.743s] Level 1:colcon.colcon_core.environment:checking '/home/debarghya/ros2_ws/src/install/turtlebot_control/bin'
[0.743s] Level 1:colcon.colcon_core.environment:checking '/home/debarghya/ros2_ws/src/install/turtlebot_control/lib/pkgconfig/turtlebot_control.pc'
[0.743s] Level 1:colcon.colcon_core.environment:checking '/home/debarghya/ros2_ws/src/install/turtlebot_control/lib/python3.10/site-packages'
[0.743s] Level 1:colcon.colcon_core.shell:create_environment_hook('turtlebot_control', 'pythonpath')
[0.744s] INFO:colcon.colcon_core.shell:Creating environment hook '/home/debarghya/ros2_ws/src/install/turtlebot_control/share/turtlebot_control/hook/pythonpath.ps1'
[0.744s] INFO:colcon.colcon_core.shell:Creating environment descriptor '/home/debarghya/ros2_ws/src/install/turtlebot_control/share/turtlebot_control/hook/pythonpath.dsv'
[0.744s] INFO:colcon.colcon_core.shell:Creating environment hook '/home/debarghya/ros2_ws/src/install/turtlebot_control/share/turtlebot_control/hook/pythonpath.sh'
[0.744s] Level 1:colcon.colcon_core.environment:checking '/home/debarghya/ros2_ws/src/install/turtlebot_control/bin'
[0.744s] Level 1:colcon.colcon_core.environment:create_environment_scripts_only(turtlebot_control)
[0.744s] INFO:colcon.colcon_core.shell:Creating package script '/home/debarghya/ros2_ws/src/install/turtlebot_control/share/turtlebot_control/package.ps1'
[0.745s] INFO:colcon.colcon_core.shell:Creating package descriptor '/home/debarghya/ros2_ws/src/install/turtlebot_control/share/turtlebot_control/package.dsv'
[0.746s] INFO:colcon.colcon_core.shell:Creating package script '/home/debarghya/ros2_ws/src/install/turtlebot_control/share/turtlebot_control/package.sh'
[0.746s] INFO:colcon.colcon_core.shell:Creating package script '/home/debarghya/ros2_ws/src/install/turtlebot_control/share/turtlebot_control/package.bash'
[0.747s] INFO:colcon.colcon_core.shell:Creating package script '/home/debarghya/ros2_ws/src/install/turtlebot_control/share/turtlebot_control/package.zsh'
[0.747s] Level 1:colcon.colcon_core.environment:create_file_with_runtime_dependencies(/home/debarghya/ros2_ws/src/install/turtlebot_control/share/colcon-core/packages/turtlebot_control)
[0.747s] DEBUG:colcon.colcon_parallel_executor.executor.parallel:closing loop
[0.747s] DEBUG:colcon.colcon_parallel_executor.executor.parallel:loop closed
[0.748s] DEBUG:colcon.colcon_parallel_executor.executor.parallel:run_until_complete finished with '0'
[0.748s] DEBUG:colcon.colcon_core.event_reactor:joining thread
[0.753s] INFO:colcon.colcon_core.plugin_system:Skipping extension 'colcon_notification.desktop_notification.terminal_notifier': Not used on non-Darwin systems
[0.753s] INFO:colcon.colcon_core.plugin_system:Skipping extension 'colcon_notification.desktop_notification.win32': Not used on non-Windows systems
[0.753s] INFO:colcon.colcon_notification.desktop_notification:Sending desktop notification using 'notify2'
[0.761s] DEBUG:colcon.colcon_core.event_reactor:joined thread
[0.761s] INFO:colcon.colcon_core.shell:Creating prefix script '/home/debarghya/ros2_ws/src/install/local_setup.ps1'
[0.762s] INFO:colcon.colcon_core.shell:Creating prefix util module '/home/debarghya/ros2_ws/src/install/_local_setup_util_ps1.py'
[0.764s] INFO:colcon.colcon_core.shell:Creating prefix chain script '/home/debarghya/ros2_ws/src/install/setup.ps1'
[0.765s] INFO:colcon.colcon_core.shell:Creating prefix script '/home/debarghya/ros2_ws/src/install/local_setup.sh'
[0.765s] INFO:colcon.colcon_core.shell:Creating prefix util module '/home/debarghya/ros2_ws/src/install/_local_setup_util_sh.py'
[0.766s] INFO:colcon.colcon_core.shell:Creating prefix chain script '/home/debarghya/ros2_ws/src/install/setup.sh'
[0.767s] INFO:colcon.colcon_core.shell:Creating prefix script '/home/debarghya/ros2_ws/src/install/local_setup.bash'
[0.767s] INFO:colcon.colcon_core.shell:Creating prefix chain script '/home/debarghya/ros2_ws/src/install/setup.bash'
[0.768s] INFO:colcon.colcon_core.shell:Creating prefix script '/home/debarghya/ros2_ws/src/install/local_setup.zsh'
[0.768s] INFO:colcon.colcon_core.shell:Creating prefix chain script '/home/debarghya/ros2_ws/src/install/setup.zsh'
